<?xml version="1.0" encoding="UTF-8"?>
<testsuite name="practice03.Practice03Test" tests="6" skipped="0" failures="0" errors="0" timestamp="2021-12-01T09:33:59" hostname="TSANGAN-W10" time="0.066">
  <properties/>
  <testcase name="should_student_have_name_age_and_class_number()" classname="practice03.Practice03Test" time="0.058"/>
  <testcase name="should_worker_have_name_and_age()" classname="practice03.Practice03Test" time="0.001"/>
  <testcase name="should_person_have_an_introduce_method_which_introduce_person_with_name_and_age()" classname="practice03.Practice03Test" time="0.001"/>
  <testcase name="should_person_have_name_and_age()" classname="practice03.Practice03Test" time="0.0"/>
  <testcase name="should_worker_introduce_itself_with_no_field()" classname="practice03.Practice03Test" time="0.001"/>
  <testcase name="should_student_introduce_with_class()" classname="practice03.Practice03Test" time="0.001"/>
  <system-out><![CDATA[]]></system-out>
  <system-err><![CDATA[]]></system-err>
</testsuite>
