<?xml version="1.0" encoding="UTF-8"?>
<testsuite name="practice06.Practice06Test" tests="11" skipped="0" failures="0" errors="0" timestamp="2021-12-01T11:22:43" hostname="TSANGAN-W10" time="0.058">
  <properties/>
  <testcase name="should_student_have_name_age_and_class_number()" classname="practice06.Practice06Test" time="0.049"/>
  <testcase name="should_teacher_introduce_a_student_it_teaches()" classname="practice06.Practice06Test" time="0.001"/>
  <testcase name="should_teacher_introduce_itself_with_no_class_teaching()" classname="practice06.Practice06Test" time="0.001"/>
  <testcase name="should_teacher_introduce_a_student_it_does_not_teach()" classname="practice06.Practice06Test" time="0.001"/>
  <testcase name="should_class_get_display_name()" classname="practice06.Practice06Test" time="0.001"/>
  <testcase name="should_teacher_introduce_itself_with_which_class_it_teaches()" classname="practice06.Practice06Test" time="0.001"/>
  <testcase name="should_teacher_have_name_and_age_and_class()" classname="practice06.Practice06Test" time="0.001"/>
  <testcase name="should_person_have_an_introduce_method_which_introduce_person_with_name_and_age()" classname="practice06.Practice06Test" time="0.0"/>
  <testcase name="should_person_have_name_and_age()" classname="practice06.Practice06Test" time="0.0"/>
  <testcase name="should_student_introduce_with_class()" classname="practice06.Practice06Test" time="0.001"/>
  <testcase name="should_class_have_a_number()" classname="practice06.Practice06Test" time="0.001"/>
  <system-out><![CDATA[]]></system-out>
  <system-err><![CDATA[]]></system-err>
</testsuite>
