<?xml version="1.0" encoding="UTF-8"?>
<testsuite name="practice10.Practice10Test" tests="19" skipped="0" failures="0" errors="0" timestamp="2021-12-01T13:10:02" hostname="TSANGAN-W10" time="0.064">
  <properties/>
  <testcase name="should_teacher_isTeaching_return_false_when_the_student_is_not_in_all_the_classes_the_teacher_teaches()" classname="practice10.Practice10Test" time="0.047"/>
  <testcase name="should_student_have_name_age_and_class_number()" classname="practice10.Practice10Test" time="0.004"/>
  <testcase name="should_teacher_have_name_and_age_and_classes()" classname="practice10.Practice10Test" time="0.001"/>
  <testcase name="should_teacher_introduce_a_student_it_teaches()" classname="practice10.Practice10Test" time="0.0"/>
  <testcase name="should_teacher_isTeaching_return_true_when_the_student_is_in_any_classes_the_teacher_teaches()" classname="practice10.Practice10Test" time="0.0"/>
  <testcase name="should_person_have_id_name_and_age()" classname="practice10.Practice10Test" time="0.001"/>
  <testcase name="should_teacher_introduce_itself_with_which_classes_it_teaches()" classname="practice10.Practice10Test" time="0.0"/>
  <testcase name="should_class_assign_a_member_student_as_leader()" classname="practice10.Practice10Test" time="0.0"/>
  <testcase name="should_teacher_introduce_itself_with_no_class_teaching()" classname="practice10.Practice10Test" time="0.0"/>
  <testcase name="should_teacher_introduce_a_student_it_does_not_teach()" classname="practice10.Practice10Test" time="0.0"/>
  <testcase name="should_teacher_be_notified_when_any_class_it_teaches_assigned_a_leader()" classname="practice10.Practice10Test" time="0.001"/>
  <testcase name="should_person_with_same_id_be_same_one()" classname="practice10.Practice10Test" time="0.001"/>
  <testcase name="should_class_get_display_name()" classname="practice10.Practice10Test" time="0.0"/>
  <testcase name="should_student_introduce_itself_as_class_leader()" classname="practice10.Practice10Test" time="0.0"/>
  <testcase name="should_person_have_an_introduce_method_which_introduce_person_with_name_and_age()" classname="practice10.Practice10Test" time="0.001"/>
  <testcase name="should_teacher_be_notified_when_student_join_any_classes_it_teaches()" classname="practice10.Practice10Test" time="0.001"/>
  <testcase name="should_class_not_assign_a_student_as_leader_when_student_is_not_a_member()" classname="practice10.Practice10Test" time="0.001"/>
  <testcase name="should_student_introduce_with_class()" classname="practice10.Practice10Test" time="0.0"/>
  <testcase name="should_class_have_a_number()" classname="practice10.Practice10Test" time="0.001"/>
  <system-out><![CDATA[]]></system-out>
  <system-err><![CDATA[]]></system-err>
</testsuite>
