<?xml version="1.0" encoding="UTF-8"?>
<testsuite name="practice05.Practice05Test" tests="6" skipped="0" failures="0" errors="0" timestamp="2021-12-01T10:25:58" hostname="TSANGAN-W10" time="0.061">
  <properties/>
  <testcase name="should_student_have_name_age_and_class_number()" classname="practice05.Practice05Test" time="0.055"/>
  <testcase name="should_teacher_introduce_itself_with_which_class_it_teaches()" classname="practice05.Practice05Test" time="0.002"/>
  <testcase name="should_teacher_have_name_and_age_and_class()" classname="practice05.Practice05Test" time="0.0"/>
  <testcase name="should_person_have_an_introduce_method_which_introduce_person_with_name_and_age()" classname="practice05.Practice05Test" time="0.0"/>
  <testcase name="should_person_have_name_and_age()" classname="practice05.Practice05Test" time="0.0"/>
  <testcase name="should_student_introduce_with_class()" classname="practice05.Practice05Test" time="0.001"/>
  <system-out><![CDATA[]]></system-out>
  <system-err><![CDATA[]]></system-err>
</testsuite>
