<?xml version="1.0" encoding="UTF-8"?>
<testsuite name="practice02.Practice02Test" tests="1" skipped="0" failures="0" errors="0" timestamp="2021-12-01T09:26:06" hostname="TSANGAN-W10" time="0.052">
  <properties/>
  <testcase name="should_student_introduce_with_class()" classname="practice02.Practice02Test" time="0.052"/>
  <system-out><![CDATA[]]></system-out>
  <system-err><![CDATA[]]></system-err>
</testsuite>
